<?xml version="1.0" encoding="UTF-8"?>
<testng-results ignored="0" total="1" passed="1" failed="0" skipped="0">
  <reporter-output>
  </reporter-output>
  <suite started-at="2023-04-04T10:58:56 IST" name="Suite" finished-at="2023-04-04T11:05:24 IST" duration-ms="387124">
    <groups>
    </groups>
    <test started-at="2023-04-04T10:58:56 IST" name="Test" finished-at="2023-04-04T11:05:24 IST" duration-ms="387124">
      <class name="com.practice.IshinePortal">
        <test-method is-config="true" signature="setExtent()[pri:0, instance:com.practice.IshinePortal@2d3379b4]" started-at="2023-04-04T10:58:56 IST" name="setExtent" finished-at="2023-04-04T10:58:57 IST" duration-ms="222" status="PASS">
          <reporter-output>
          </reporter-output>
        </test-method> <!-- setExtent -->
        <test-method is-config="true" signature="readConfigProperties()[pri:0, instance:com.practice.IshinePortal@2d3379b4]" started-at="2023-04-04T10:58:57 IST" name="readConfigProperties" finished-at="2023-04-04T10:58:57 IST" duration-ms="2" status="PASS">
          <reporter-output>
          </reporter-output>
        </test-method> <!-- readConfigProperties -->
        <test-method is-config="true" signature="setUp()[pri:0, instance:com.practice.IshinePortal@2d3379b4]" started-at="2023-04-04T10:58:57 IST" name="setUp" finished-at="2023-04-04T10:59:02 IST" duration-ms="4848" status="PASS">
          <reporter-output>
          </reporter-output>
        </test-method> <!-- setUp -->
        <test-method signature="Testcase1()[pri:0, instance:com.practice.IshinePortal@2d3379b4]" started-at="2023-04-04T10:59:02 IST" name="Testcase1" finished-at="2023-04-04T11:05:23 IST" duration-ms="381272" status="PASS">
          <reporter-output>
          </reporter-output>
        </test-method> <!-- Testcase1 -->
        <test-method is-config="true" signature="browserquit()[pri:0, instance:com.practice.IshinePortal@2d3379b4]" started-at="2023-04-04T11:05:23 IST" name="browserquit" finished-at="2023-04-04T11:05:23 IST" duration-ms="313" status="PASS">
          <reporter-output>
          </reporter-output>
        </test-method> <!-- browserquit -->
        <test-method is-config="true" signature="endReport()[pri:0, instance:com.practice.IshinePortal@2d3379b4]" started-at="2023-04-04T11:05:23 IST" name="endReport" finished-at="2023-04-04T11:05:24 IST" duration-ms="406" status="PASS">
          <reporter-output>
          </reporter-output>
        </test-method> <!-- endReport -->
      </class> <!-- com.practice.IshinePortal -->
    </test> <!-- Test -->
  </suite> <!-- Suite -->
</testng-results>
